<?xml version="1.0" encoding="UTF-8"?>
<testsuite name="com.example.satellite.SatelliteApplicationTests" tests="1" skipped="0" failures="0" errors="0" timestamp="2023-07-27T01:56:42" hostname="GMs-MacBook-Pro.local" time="0.077">
  <properties/>
  <testcase name="contextLoads()" classname="com.example.satellite.SatelliteApplicationTests" time="0.077"/>
  <system-out><![CDATA[10:56:40.002 [Test worker] DEBUG org.springframework.test.context.BootstrapUtils - Instantiating CacheAwareContextLoaderDelegate from class [org.springframework.test.context.cache.DefaultCacheAwareContextLoaderDelegate]
10:56:40.007 [Test worker] DEBUG org.springframework.test.context.BootstrapUtils - Instantiating BootstrapContext using constructor [public org.springframework.test.context.support.DefaultBootstrapContext(java.lang.Class,org.springframework.test.context.CacheAwareContextLoaderDelegate)]
10:56:40.025 [Test worker] DEBUG org.springframework.test.context.BootstrapUtils - Instantiating TestContextBootstrapper for test class [com.example.satellite.SatelliteApplicationTests] from class [org.springframework.boot.test.context.SpringBootTestContextBootstrapper]
10:56:40.031 [Test worker] INFO org.springframework.boot.test.context.SpringBootTestContextBootstrapper - Neither @ContextConfiguration nor @ContextHierarchy found for test class [com.example.satellite.SatelliteApplicationTests], using SpringBootContextLoader
10:56:40.033 [Test worker] DEBUG org.springframework.test.context.support.AbstractContextLoader - Did not detect default resource location for test class [com.example.satellite.SatelliteApplicationTests]: class path resource [com/example/satellite/SatelliteApplicationTests-context.xml] does not exist
10:56:40.033 [Test worker] DEBUG org.springframework.test.context.support.AbstractContextLoader - Did not detect default resource location for test class [com.example.satellite.SatelliteApplicationTests]: class path resource [com/example/satellite/SatelliteApplicationTestsContext.groovy] does not exist
10:56:40.033 [Test worker] INFO org.springframework.test.context.support.AbstractContextLoader - Could not detect default resource locations for test class [com.example.satellite.SatelliteApplicationTests]: no resource found for suffixes {-context.xml, Context.groovy}.
10:56:40.033 [Test worker] INFO org.springframework.test.context.support.AnnotationConfigContextLoaderUtils - Could not detect default configuration classes for test class [com.example.satellite.SatelliteApplicationTests]: SatelliteApplicationTests does not declare any static, non-private, non-final, nested classes annotated with @Configuration.
10:56:40.054 [Test worker] DEBUG org.springframework.test.context.support.ActiveProfilesUtils - Could not find an 'annotation declaring class' for annotation type [org.springframework.test.context.ActiveProfiles] and class [com.example.satellite.SatelliteApplicationTests]
10:56:40.083 [Test worker] DEBUG org.springframework.context.annotation.ClassPathScanningCandidateComponentProvider - Identified candidate component class: file [/Users/macbookpro/coding/XEHub/Team-ED/API_SERVER/satellite/build/classes/java/main/com/example/satellite/SatelliteApplication.class]
10:56:40.083 [Test worker] INFO org.springframework.boot.test.context.SpringBootTestContextBootstrapper - Found @SpringBootConfiguration com.example.satellite.SatelliteApplication for test class com.example.satellite.SatelliteApplicationTests
10:56:40.125 [Test worker] DEBUG org.springframework.boot.test.context.SpringBootTestContextBootstrapper - @TestExecutionListeners is not present for class [com.example.satellite.SatelliteApplicationTests]: using defaults.
10:56:40.125 [Test worker] INFO org.springframework.boot.test.context.SpringBootTestContextBootstrapper - Loaded default TestExecutionListener class names from location [META-INF/spring.factories]: [org.springframework.boot.test.autoconfigure.restdocs.RestDocsTestExecutionListener, org.springframework.boot.test.autoconfigure.web.client.MockRestServiceServerResetTestExecutionListener, org.springframework.boot.test.autoconfigure.web.servlet.MockMvcPrintOnlyOnFailureTestExecutionListener, org.springframework.boot.test.autoconfigure.web.servlet.WebDriverTestExecutionListener, org.springframework.boot.test.autoconfigure.webservices.client.MockWebServiceServerTestExecutionListener, org.springframework.boot.test.mock.mockito.MockitoTestExecutionListener, org.springframework.boot.test.mock.mockito.ResetMocksTestExecutionListener, org.springframework.test.context.web.ServletTestExecutionListener, org.springframework.test.context.support.DirtiesContextBeforeModesTestExecutionListener, org.springframework.test.context.event.ApplicationEventsTestExecutionListener, org.springframework.test.context.support.DependencyInjectionTestExecutionListener, org.springframework.test.context.support.DirtiesContextTestExecutionListener, org.springframework.test.context.transaction.TransactionalTestExecutionListener, org.springframework.test.context.jdbc.SqlScriptsTestExecutionListener, org.springframework.test.context.event.EventPublishingTestExecutionListener]
10:56:40.133 [Test worker] INFO org.springframework.boot.test.context.SpringBootTestContextBootstrapper - Using TestExecutionListeners: [org.springframework.test.context.web.ServletTestExecutionListener@40e10ff8, org.springframework.test.context.support.DirtiesContextBeforeModesTestExecutionListener@557a1e2d, org.springframework.test.context.event.ApplicationEventsTestExecutionListener@26a4842b, org.springframework.boot.test.mock.mockito.MockitoTestExecutionListener@7e38a7fe, org.springframework.boot.test.autoconfigure.SpringBootDependencyInjectionTestExecutionListener@366ef90e, org.springframework.test.context.support.DirtiesContextTestExecutionListener@33e01298, org.springframework.test.context.transaction.TransactionalTestExecutionListener@31e75d13, org.springframework.test.context.jdbc.SqlScriptsTestExecutionListener@a5b0b86, org.springframework.test.context.event.EventPublishingTestExecutionListener@4b3c354a, org.springframework.boot.test.autoconfigure.restdocs.RestDocsTestExecutionListener@78fb9a67, org.springframework.boot.test.autoconfigure.web.client.MockRestServiceServerResetTestExecutionListener@73ff4fae, org.springframework.boot.test.autoconfigure.web.servlet.MockMvcPrintOnlyOnFailureTestExecutionListener@21aa6d6c, org.springframework.boot.test.autoconfigure.web.servlet.WebDriverTestExecutionListener@b968a76, org.springframework.boot.test.autoconfigure.webservices.client.MockWebServiceServerTestExecutionListener@2f9a01c1, org.springframework.boot.test.mock.mockito.ResetMocksTestExecutionListener@2611b9a3]
10:56:40.135 [Test worker] DEBUG org.springframework.test.context.support.AbstractDirtiesContextTestExecutionListener - Before test class: context [DefaultTestContext@293d0107 testClass = SatelliteApplicationTests, testInstance = [null], testMethod = [null], testException = [null], mergedContextConfiguration = [WebMergedContextConfiguration@2692b61e testClass = SatelliteApplicationTests, locations = '{}', classes = '{class com.example.satellite.SatelliteApplication}', contextInitializerClasses = '[]', activeProfiles = '{}', propertySourceLocations = '{}', propertySourceProperties = '{org.springframework.boot.test.context.SpringBootTestContextBootstrapper=true}', contextCustomizers = set[org.springframework.boot.test.autoconfigure.actuate.metrics.MetricsExportContextCustomizerFactory$DisableMetricExportContextCustomizer@558bdf1f, org.springframework.boot.test.autoconfigure.properties.PropertyMappingContextCustomizer@0, org.springframework.boot.test.autoconfigure.web.servlet.WebDriverContextCustomizerFactory$Customizer@130e116b, org.springframework.boot.test.context.filter.ExcludeFilterContextCustomizer@2fd953a6, org.springframework.boot.test.json.DuplicateJsonObjectContextCustomizerFactory$DuplicateJsonObjectContextCustomizer@66c61024, org.springframework.boot.test.mock.mockito.MockitoContextCustomizer@0, org.springframework.boot.test.web.client.TestRestTemplateContextCustomizer@5bf0fe62, org.springframework.boot.test.web.reactive.server.WebTestClientContextCustomizer@3fed2870, org.springframework.boot.test.context.SpringBootTestArgs@1, org.springframework.boot.test.context.SpringBootTestWebEnvironment@50caa560], resourceBasePath = 'src/main/webapp', contextLoader = 'org.springframework.boot.test.context.SpringBootContextLoader', parent = [null]], attributes = map['org.springframework.test.context.web.ServletTestExecutionListener.activateListener' -> true]], class annotated with @DirtiesContext [false] with mode [null].

  .   ____          _            __ _ _
 /\\ / ___'_ __ _ _(_)_ __  __ _ \ \ \ \
( ( )\___ | '_ | '_| | '_ \/ _` | \ \ \ \
 \\/  ___)| |_)| | | | | || (_| |  ) ) ) )
  '  |____| .__|_| |_|_| |_\__, | / / / /
 =========|_|==============|___/=/_/_/_/
 :: Spring Boot ::               (v2.7.13)

2023-07-27 10:56:40.289  INFO 86244 --- [    Test worker] c.e.satellite.SatelliteApplicationTests  : Starting SatelliteApplicationTests using Java 17.0.5 on GMs-MacBook-Pro.local with PID 86244 (started by macbookpro in /Users/macbookpro/coding/XEHub/Team-ED/API_SERVER/satellite)
2023-07-27 10:56:40.290  INFO 86244 --- [    Test worker] c.e.satellite.SatelliteApplicationTests  : No active profile set, falling back to 1 default profile: "default"
2023-07-27 10:56:40.579  INFO 86244 --- [    Test worker] .s.d.r.c.RepositoryConfigurationDelegate : Bootstrapping Spring Data JPA repositories in DEFAULT mode.
2023-07-27 10:56:40.652  INFO 86244 --- [    Test worker] .s.d.r.c.RepositoryConfigurationDelegate : Finished Spring Data repository scanning in 67 ms. Found 1 JPA repository interfaces.
2023-07-27 10:56:40.915  INFO 86244 --- [    Test worker] o.hibernate.jpa.internal.util.LogHelper  : HHH000204: Processing PersistenceUnitInfo [name: default]
2023-07-27 10:56:40.939  INFO 86244 --- [    Test worker] org.hibernate.Version                    : HHH000412: Hibernate ORM core version 5.6.15.Final
2023-07-27 10:56:41.013  INFO 86244 --- [    Test worker] o.hibernate.annotations.common.Version   : HCANN000001: Hibernate Commons Annotations {5.1.2.Final}
2023-07-27 10:56:41.057  INFO 86244 --- [    Test worker] com.zaxxer.hikari.HikariDataSource       : HikariPool-1 - Starting...
2023-07-27 10:56:41.183  INFO 86244 --- [    Test worker] com.zaxxer.hikari.HikariDataSource       : HikariPool-1 - Start completed.
2023-07-27 10:56:41.190  INFO 86244 --- [    Test worker] org.hibernate.dialect.Dialect            : HHH000400: Using dialect: org.hibernate.dialect.MySQL57Dialect
2023-07-27 10:56:41.441  INFO 86244 --- [    Test worker] o.h.e.t.j.p.i.JtaPlatformInitiator       : HHH000490: Using JtaPlatform implementation: [org.hibernate.engine.transaction.jta.platform.internal.NoJtaPlatform]
2023-07-27 10:56:41.446  INFO 86244 --- [    Test worker] j.LocalContainerEntityManagerFactoryBean : Initialized JPA EntityManagerFactory for persistence unit 'default'
2023-07-27 10:56:41.758  WARN 86244 --- [    Test worker] JpaBaseConfiguration$JpaWebConfiguration : spring.jpa.open-in-view is enabled by default. Therefore, database queries may be performed during view rendering. Explicitly configure spring.jpa.open-in-view to disable this warning
2023-07-27 10:56:42.004  INFO 86244 --- [    Test worker] c.e.satellite.SatelliteApplicationTests  : Started SatelliteApplicationTests in 1.852 seconds (JVM running for 2.377)
]]></system-out>
  <system-err><![CDATA[]]></system-err>
</testsuite>
